<?xml version="1.0" encoding="UTF-8"?>
<testsuite name="Cucumber" time="9.698" tests="5" skipped="0" failures="0" errors="0">
<testcase classname="Testing flow of demo banking website" name="TC01: Successful Login - #1.1" time="2.15">
<system-out><![CDATA[
Given user is on banking login..............................................passed
When user clicks on customer login..........................................passed
And user selects Hermoine Granger profile...................................passed
And user clicks on bank login...............................................passed
Then user should be navigated to welcome page...............................passed
]]></system-out>
</testcase>
<testcase classname="Testing flow of demo banking website" name="TC01: Successful Login - #1.2" time="1.886">
<system-out><![CDATA[
Given user is on banking login..............................................passed
When user clicks on customer login..........................................passed
And user selects Harry Potter profile.......................................passed
And user clicks on bank login...............................................passed
Then user should be navigated to welcome page...............................passed
]]></system-out>
</testcase>
<testcase classname="Testing flow of demo banking website" name="TC01: Successful Login - #1.3" time="1.919">
<system-out><![CDATA[
Given user is on banking login..............................................passed
When user clicks on customer login..........................................passed
And user selects Ron Weasly profile.........................................passed
And user clicks on bank login...............................................passed
Then user should be navigated to welcome page...............................passed
]]></system-out>
</testcase>
<testcase classname="Testing flow of demo banking website" name="TC01: Successful Login - #1.4" time="1.795">
<system-out><![CDATA[
Given user is on banking login..............................................passed
When user clicks on customer login..........................................passed
And user selects Albus Dumbledore profile...................................passed
And user clicks on bank login...............................................passed
Then user should be navigated to welcome page...............................passed
]]></system-out>
</testcase>
<testcase classname="Testing flow of demo banking website" name="TC01: Successful Login - #1.5" time="1.843">
<system-out><![CDATA[
Given user is on banking login..............................................passed
When user clicks on customer login..........................................passed
And user selects Neville Longbottom profile.................................passed
And user clicks on bank login...............................................passed
Then user should be navigated to welcome page...............................passed
]]></system-out>
</testcase>
</testsuite>
