<?xml version="1.0" encoding="UTF-8"?>
<testsuite name="Cucumber" time="19.668" tests="9" skipped="0" failures="0" errors="0">
<testcase classname="Test login functionality of this site" name="TC01: Check login with successful credentials - #1.1" time="5.11">
<system-out><![CDATA[
Given user is on login homepage.............................................passed
When user enters student and Password123 valid..............................passed
And user clicks on login button.............................................passed
Then user is navigated to logout page.......................................passed
]]></system-out>
</testcase>
<testcase classname="Test login functionality of this site" name="TC02: Check login with invalid username - #1.1" time="1.422">
<system-out><![CDATA[
Given user is on login homepage.............................................passed
When user enters invalid invalidStudent and valid Password123...............passed
And user clicks on login button.............................................passed
Then user should see invalid username popup.................................passed
]]></system-out>
</testcase>
<testcase classname="Test login functionality of this site" name="TC03: Check login with invalid password - #1.1" time="1.547">
<system-out><![CDATA[
Given user is on login homepage.............................................passed
When user enters valid student and invalid invalidPass......................passed
And user clicks on login button.............................................passed
Then user should see invalid password popup.................................passed
]]></system-out>
</testcase>
<testcase classname="Used for testing hotel website" name="TC01: Validating getting in touch with hotel - #1.1" time="2.336">
<system-out><![CDATA[
Given user is on website....................................................passed
When user enters contact name John Doe......................................passed
And user enters contact email johndoe@mail.com..............................passed
And user enters contact phone 31232132111...................................passed
And user enters contact subject Getting Access..............................passed
And user enters contact message Something that is 20 characters long........passed
And user clicks on contact submit...........................................passed
Then user is prompted with thanks message...................................passed
]]></system-out>
</testcase>
<testcase classname="Testing flow of demo banking website" name="TC01: Successful Login - #1.1" time="1.811">
<system-out><![CDATA[
Given user is on banking login..............................................passed
When user clicks on customer login..........................................passed
And user selects Hermoine Granger profile...................................passed
And user clicks on bank login...............................................passed
Then user should be navigated to welcome page...............................passed
]]></system-out>
</testcase>
<testcase classname="Testing flow of demo banking website" name="TC01: Successful Login - #1.2" time="1.872">
<system-out><![CDATA[
Given user is on banking login..............................................passed
When user clicks on customer login..........................................passed
And user selects Harry Potter profile.......................................passed
And user clicks on bank login...............................................passed
Then user should be navigated to welcome page...............................passed
]]></system-out>
</testcase>
<testcase classname="Testing flow of demo banking website" name="TC01: Successful Login - #1.3" time="1.874">
<system-out><![CDATA[
Given user is on banking login..............................................passed
When user clicks on customer login..........................................passed
And user selects Ron Weasly profile.........................................passed
And user clicks on bank login...............................................passed
Then user should be navigated to welcome page...............................passed
]]></system-out>
</testcase>
<testcase classname="Testing flow of demo banking website" name="TC01: Successful Login - #1.4" time="1.795">
<system-out><![CDATA[
Given user is on banking login..............................................passed
When user clicks on customer login..........................................passed
And user selects Albus Dumbledore profile...................................passed
And user clicks on bank login...............................................passed
Then user should be navigated to welcome page...............................passed
]]></system-out>
</testcase>
<testcase classname="Testing flow of demo banking website" name="TC01: Successful Login - #1.5" time="1.796">
<system-out><![CDATA[
Given user is on banking login..............................................passed
When user clicks on customer login..........................................passed
And user selects Neville Longbottom profile.................................passed
And user clicks on bank login...............................................passed
Then user should be navigated to welcome page...............................passed
]]></system-out>
</testcase>
</testsuite>
